/Users/travis/build/cryptogogue/padamose/src/padamose/ValueStack.h:59: warning: argument 'from' of command @param is not found in the argument list of Padamose::ValueStack< TYPE >::AbstractValueStack_join(AbstractValueStack &to) const
/Users/travis/build/cryptogogue/padamose/src/padamose/ValueStack.h:63: warning: The following parameters of Padamose::ValueStack::AbstractValueStack_join(AbstractValueStack &to) const are not documented:
  parameter 'to'
/Users/travis/build/cryptogogue/padamose/src/padamose/ValueStack.h:97: warning: argument 'key' of command @param is not found in the argument list of Padamose::ValueStack< TYPE >::getValueOrNil(size_t version) const
/Users/travis/build/cryptogogue/padamose/src/padamose/ValueStack.h:129: warning: argument 'key' of command @param is not found in the argument list of Padamose::ValueStack< TYPE >::setValue(size_t version, const TYPE &value)
/Users/travis/build/cryptogogue/padamose/src/padamose/ValueStack.h:135: warning: The following parameters of Padamose::ValueStack::setValue(size_t version, const TYPE &value) are not documented:
  parameter 'version'
/Users/travis/build/cryptogogue/padamose/src/padamose/VersionedBranch.cpp:87: warning: argument 'parent' of command @param is not found in the argument list of Padamose::VersionedBranch::fork(size_t baseVersion)
/Users/travis/build/cryptogogue/padamose/src/padamose/VersionedStoreSnapshot.h:160: warning: The following parameters of Padamose::VersionedStoreSnapshot::hasValue(string key, size_t version) const are not documented:
  parameter 'version'
/Users/travis/build/cryptogogue/padamose/src/padamose/VersionedStoreSnapshot.h:160: warning: The following parameters of Padamose::VersionedStoreSnapshot::hasValue(string key, size_t version) const are not documented:
  parameter 'version'
/Users/travis/build/cryptogogue/padamose/src/padamose/VersionedStoreSnapshot.h:160: warning: The following parameters of Padamose::VersionedStoreSnapshot::hasValue(string key, size_t version) const are not documented:
  parameter 'version'
/Users/travis/build/cryptogogue/padamose/src/padamose/VersionedStoreSnapshot.h:160: warning: The following parameters of Padamose::VersionedStoreSnapshot::hasValue(string key, size_t version) const are not documented:
  parameter 'version'
/Users/travis/build/cryptogogue/padamose/src/padamose/VersionedStoreSnapshot.h:160: warning: The following parameters of Padamose::VersionedStoreSnapshot::hasValue(string key, size_t version) const are not documented:
  parameter 'version'
Searching for include files...
Searching for example files...
Searching for images...
Searching for dot files...
Searching for msc files...
Searching for dia files...
Searching for files to exclude
Searching INPUT for files to process...
Searching for files in directory /Users/travis/build/cryptogogue/padamose/src
Searching for files in directory /Users/travis/build/cryptogogue/padamose/src/padamose
Searching for files in directory /Users/travis/build/cryptogogue/padamose/src/padamose/gtest
Reading and parsing tag files
Parsing files
Preprocessing /Users/travis/build/cryptogogue/padamose/src/padamose/AbstractValueStack.cpp...
Parsing file /Users/travis/build/cryptogogue/padamose/src/padamose/AbstractValueStack.cpp...
Preprocessing /Users/travis/build/cryptogogue/padamose/src/padamose/AbstractValueStack.h...
Parsing file /Users/travis/build/cryptogogue/padamose/src/padamose/AbstractValueStack.h...
Preprocessing /Users/travis/build/cryptogogue/padamose/src/padamose/AbstractVersionedBranchClient.cpp...
Parsing file /Users/travis/build/cryptogogue/padamose/src/padamose/AbstractVersionedBranchClient.cpp...
Preprocessing /Users/travis/build/cryptogogue/padamose/src/padamose/AbstractVersionedBranchClient.h...
Parsing file /Users/travis/build/cryptogogue/padamose/src/padamose/AbstractVersionedBranchClient.h...
Preprocessing /Users/travis/build/cryptogogue/padamose/src/padamose/AbstractVersionedSet.cpp...
Parsing file /Users/travis/build/cryptogogue/padamose/src/padamose/AbstractVersionedSet.cpp...
Preprocessing /Users/travis/build/cryptogogue/padamose/src/padamose/AbstractVersionedSet.h...
Parsing file /Users/travis/build/cryptogogue/padamose/src/padamose/AbstractVersionedSet.h...
Preprocessing /Users/travis/build/cryptogogue/padamose/src/padamose/Exceptions.h...
Parsing file /Users/travis/build/cryptogogue/padamose/src/padamose/Exceptions.h...
Preprocessing /Users/travis/build/cryptogogue/padamose/src/padamose/gtest/gtest-helpers.h...
Parsing file /Users/travis/build/cryptogogue/padamose/src/padamose/gtest/gtest-helpers.h...
Preprocessing /Users/travis/build/cryptogogue/padamose/src/padamose/gtest/main-gtest.cpp...
Parsing file /Users/travis/build/cryptogogue/padamose/src/padamose/gtest/main-gtest.cpp...
Preprocessing /Users/travis/build/cryptogogue/padamose/src/padamose/gtest/TestVersionedMap.cpp...
Parsing file /Users/travis/build/cryptogogue/padamose/src/padamose/gtest/TestVersionedMap.cpp...
Preprocessing /Users/travis/build/cryptogogue/padamose/src/padamose/gtest/TestVersionedSet.cpp...
Parsing file /Users/travis/build/cryptogogue/padamose/src/padamose/gtest/TestVersionedSet.cpp...
Preprocessing /Users/travis/build/cryptogogue/padamose/src/padamose/gtest/TestVersionedStore.cpp...
Parsing file /Users/travis/build/cryptogogue/padamose/src/padamose/gtest/TestVersionedStore.cpp...
Preprocessing /Users/travis/build/cryptogogue/padamose/src/padamose/gtest/TestVersionedStoreIterators.cpp...
Parsing file /Users/travis/build/cryptogogue/padamose/src/padamose/gtest/TestVersionedStoreIterators.cpp...
Preprocessing /Users/travis/build/cryptogogue/padamose/src/padamose/loguru.cpp...
Parsing file /Users/travis/build/cryptogogue/padamose/src/padamose/loguru.cpp...
Preprocessing /Users/travis/build/cryptogogue/padamose/src/padamose/padamose-common.h...
Parsing file /Users/travis/build/cryptogogue/padamose/src/padamose/padamose-common.h...
Preprocessing /Users/travis/build/cryptogogue/padamose/src/padamose/ValueStack.h...
Parsing file /Users/travis/build/cryptogogue/padamose/src/padamose/ValueStack.h...
Preprocessing /Users/travis/build/cryptogogue/padamose/src/padamose/VersionedBranch.cpp...
Parsing file /Users/travis/build/cryptogogue/padamose/src/padamose/VersionedBranch.cpp...
Preprocessing /Users/travis/build/cryptogogue/padamose/src/padamose/VersionedBranch.h...
Parsing file /Users/travis/build/cryptogogue/padamose/src/padamose/VersionedBranch.h...
Preprocessing /Users/travis/build/cryptogogue/padamose/src/padamose/VersionedMap.cpp...
Parsing file /Users/travis/build/cryptogogue/padamose/src/padamose/VersionedMap.cpp...
Preprocessing /Users/travis/build/cryptogogue/padamose/src/padamose/VersionedMap.h...
Parsing file /Users/travis/build/cryptogogue/padamose/src/padamose/VersionedMap.h...
Preprocessing /Users/travis/build/cryptogogue/padamose/src/padamose/VersionedSet.cpp...
Parsing file /Users/travis/build/cryptogogue/padamose/src/padamose/VersionedSet.cpp...
Preprocessing /Users/travis/build/cryptogogue/padamose/src/padamose/VersionedSet.h...
Parsing file /Users/travis/build/cryptogogue/padamose/src/padamose/VersionedSet.h...
Preprocessing /Users/travis/build/cryptogogue/padamose/src/padamose/VersionedSetIterator.cpp...
Parsing file /Users/travis/build/cryptogogue/padamose/src/padamose/VersionedSetIterator.cpp...
Preprocessing /Users/travis/build/cryptogogue/padamose/src/padamose/VersionedSetIterator.h...
Parsing file /Users/travis/build/cryptogogue/padamose/src/padamose/VersionedSetIterator.h...
Preprocessing /Users/travis/build/cryptogogue/padamose/src/padamose/VersionedSetSnapshot.cpp...
Parsing file /Users/travis/build/cryptogogue/padamose/src/padamose/VersionedSetSnapshot.cpp...
Preprocessing /Users/travis/build/cryptogogue/padamose/src/padamose/VersionedSetSnapshot.h...
Parsing file /Users/travis/build/cryptogogue/padamose/src/padamose/VersionedSetSnapshot.h...
Preprocessing /Users/travis/build/cryptogogue/padamose/src/padamose/VersionedStore.cpp...
Parsing file /Users/travis/build/cryptogogue/padamose/src/padamose/VersionedStore.cpp...
Preprocessing /Users/travis/build/cryptogogue/padamose/src/padamose/VersionedStore.h...
Parsing file /Users/travis/build/cryptogogue/padamose/src/padamose/VersionedStore.h...
Preprocessing /Users/travis/build/cryptogogue/padamose/src/padamose/VersionedStoreIterator.cpp...
Parsing file /Users/travis/build/cryptogogue/padamose/src/padamose/VersionedStoreIterator.cpp...
Preprocessing /Users/travis/build/cryptogogue/padamose/src/padamose/VersionedStoreIterator.h...
Parsing file /Users/travis/build/cryptogogue/padamose/src/padamose/VersionedStoreIterator.h...
Preprocessing /Users/travis/build/cryptogogue/padamose/src/padamose/VersionedStoreSnapshot.cpp...
Parsing file /Users/travis/build/cryptogogue/padamose/src/padamose/VersionedStoreSnapshot.cpp...
Preprocessing /Users/travis/build/cryptogogue/padamose/src/padamose/VersionedStoreSnapshot.h...
Parsing file /Users/travis/build/cryptogogue/padamose/src/padamose/VersionedStoreSnapshot.h...
Preprocessing /Users/travis/build/cryptogogue/padamose/src/padamose/VersionedValue.h...
Parsing file /Users/travis/build/cryptogogue/padamose/src/padamose/VersionedValue.h...
Preprocessing /Users/travis/build/cryptogogue/padamose/src/padamose/VersionedValueIterator.h...
Parsing file /Users/travis/build/cryptogogue/padamose/src/padamose/VersionedValueIterator.h...
Building group list...
Building directory list...
Building namespace list...
Building file list...
Building class list...
Associating documentation with classes...
Computing nesting relations for classes...
Building example list...
Searching for enumerations...
Searching for documented typedefs...
Searching for members imported via using declarations...
Searching for included using directives...
Searching for documented variables...
Building interface member list...
Building member list...
Searching for friends...
Searching for documented defines...
Computing class inheritance relations...
Computing class usage relations...
Flushing cached template relations that have become invalid...
Computing class relations...
Add enum values to enums...
Searching for member function documentation...
Creating members for template instances...
Building page list...
Search for main page...
Computing page relations...
Determining the scope of groups...
Sorting lists...
Freeing entry tree
Determining which enums are documented
Computing member relations...
Building full member lists recursively...
Adding members to member groups.
Computing member references...
Inheriting documentation...
Generating disk names...
Adding source references...
Adding xrefitems...
Sorting member lists...
Computing dependencies between directories...
Generating citations page...
Counting data structures...
Resolving user defined references...
Finding anchors and sections in the documentation...
Transferring function references...
Combining using relations...
Adding members to index pages...
Generating style sheet...
Generating search indices...
Generating example documentation...
Generating file sources...
Generating code for file /Users/travis/build/cryptogogue/padamose/src/padamose/AbstractValueStack.h...
Generating code for file /Users/travis/build/cryptogogue/padamose/src/padamose/AbstractVersionedBranchClient.h...
Generating code for file /Users/travis/build/cryptogogue/padamose/src/padamose/AbstractVersionedSet.h...
Generating code for file /Users/travis/build/cryptogogue/padamose/src/padamose/Exceptions.h...
Generating code for file /Users/travis/build/cryptogogue/padamose/src/padamose/gtest/gtest-helpers.h...
Generating code for file /Users/travis/build/cryptogogue/padamose/src/padamose/padamose-common.h...
Generating code for file /Users/travis/build/cryptogogue/padamose/src/padamose/ValueStack.h...
Generating code for file /Users/travis/build/cryptogogue/padamose/src/padamose/VersionedBranch.h...
Generating code for file /Users/travis/build/cryptogogue/padamose/src/padamose/VersionedMap.h...
Generating code for file /Users/travis/build/cryptogogue/padamose/src/padamose/VersionedSet.h...
Generating code for file /Users/travis/build/cryptogogue/padamose/src/padamose/VersionedSetIterator.h...
Generating code for file /Users/travis/build/cryptogogue/padamose/src/padamose/VersionedSetSnapshot.h...
Generating code for file /Users/travis/build/cryptogogue/padamose/src/padamose/VersionedStore.h...
Generating code for file /Users/travis/build/cryptogogue/padamose/src/padamose/VersionedStoreIterator.h...
Generating code for file /Users/travis/build/cryptogogue/padamose/src/padamose/VersionedStoreSnapshot.h...
Generating code for file /Users/travis/build/cryptogogue/padamose/src/padamose/VersionedValue.h...
Generating code for file /Users/travis/build/cryptogogue/padamose/src/padamose/VersionedValueIterator.h...
Generating file documentation...
Generating docs for file /Users/travis/build/cryptogogue/padamose/src/padamose/AbstractValueStack.cpp...
Generating docs for file /Users/travis/build/cryptogogue/padamose/src/padamose/AbstractValueStack.h...
Generating docs for file /Users/travis/build/cryptogogue/padamose/src/padamose/AbstractVersionedBranchClient.cpp...
Generating docs for file /Users/travis/build/cryptogogue/padamose/src/padamose/AbstractVersionedBranchClient.h...
Generating docs for file /Users/travis/build/cryptogogue/padamose/src/padamose/AbstractVersionedSet.cpp...
Generating docs for file /Users/travis/build/cryptogogue/padamose/src/padamose/AbstractVersionedSet.h...
Generating docs for file /Users/travis/build/cryptogogue/padamose/src/padamose/Exceptions.h...
Generating docs for file /Users/travis/build/cryptogogue/padamose/src/padamose/gtest/gtest-helpers.h...
Generating docs for file /Users/travis/build/cryptogogue/padamose/src/padamose/gtest/main-gtest.cpp...
Generating docs for file /Users/travis/build/cryptogogue/padamose/src/padamose/gtest/TestVersionedMap.cpp...
Generating docs for file /Users/travis/build/cryptogogue/padamose/src/padamose/gtest/TestVersionedSet.cpp...
Generating docs for file /Users/travis/build/cryptogogue/padamose/src/padamose/gtest/TestVersionedStore.cpp...
Generating docs for file /Users/travis/build/cryptogogue/padamose/src/padamose/gtest/TestVersionedStoreIterators.cpp...
Generating docs for file /Users/travis/build/cryptogogue/padamose/src/padamose/loguru.cpp...
Generating docs for file /Users/travis/build/cryptogogue/padamose/src/padamose/padamose-common.h...
Generating docs for file /Users/travis/build/cryptogogue/padamose/src/padamose/ValueStack.h...
Generating docs for file /Users/travis/build/cryptogogue/padamose/src/padamose/VersionedBranch.cpp...
Generating docs for file /Users/travis/build/cryptogogue/padamose/src/padamose/VersionedBranch.h...
Generating docs for file /Users/travis/build/cryptogogue/padamose/src/padamose/VersionedMap.cpp...
Generating docs for file /Users/travis/build/cryptogogue/padamose/src/padamose/VersionedMap.h...
Generating docs for file /Users/travis/build/cryptogogue/padamose/src/padamose/VersionedSet.cpp...
Generating docs for file /Users/travis/build/cryptogogue/padamose/src/padamose/VersionedSet.h...
Generating docs for file /Users/travis/build/cryptogogue/padamose/src/padamose/VersionedSetIterator.cpp...
Generating docs for file /Users/travis/build/cryptogogue/padamose/src/padamose/VersionedSetIterator.h...
Generating docs for file /Users/travis/build/cryptogogue/padamose/src/padamose/VersionedSetSnapshot.cpp...
Generating docs for file /Users/travis/build/cryptogogue/padamose/src/padamose/VersionedSetSnapshot.h...
Generating docs for file /Users/travis/build/cryptogogue/padamose/src/padamose/VersionedStore.cpp...
Generating docs for file /Users/travis/build/cryptogogue/padamose/src/padamose/VersionedStore.h...
Generating docs for file /Users/travis/build/cryptogogue/padamose/src/padamose/VersionedStoreIterator.cpp...
Generating docs for file /Users/travis/build/cryptogogue/padamose/src/padamose/VersionedStoreIterator.h...
Generating docs for file /Users/travis/build/cryptogogue/padamose/src/padamose/VersionedStoreSnapshot.cpp...
Generating docs for file /Users/travis/build/cryptogogue/padamose/src/padamose/VersionedStoreSnapshot.h...
Generating docs for file /Users/travis/build/cryptogogue/padamose/src/padamose/VersionedValue.h...
Generating docs for file /Users/travis/build/cryptogogue/padamose/src/padamose/VersionedValueIterator.h...
Generating page documentation...
Generating docs for page todo...
Generating group documentation...
Generating class documentation...
Generating namespace index...
Generating docs for namespace Padamose
Generating docs for compound Padamose::AbstractValueStack...
Generating docs for compound Padamose::AbstractVersionedBranchClient...
Generating docs for compound Padamose::AbstractVersionedSet...
Generating docs for compound Padamose::InvalidMapNameException...
Generating docs for compound Padamose::KeyNotFoundException...
Generating docs for compound Padamose::OverwriteException...
Generating docs for compound Padamose::TypeMismatchOnAssignException...
Generating docs for compound Padamose::ValueStack...
Generating docs for compound Padamose::VersionedBranch...
Generating docs for compound Padamose::VersionedMap...
Generating docs for compound Padamose::VersionedMapKeyCollisionException...
Generating docs for compound Padamose::VersionedSet...
Generating docs for compound Padamose::VersionedSetIterator...
Generating docs for compound Padamose::VersionedSetNode...
Generating docs for compound Padamose::VersionedSetNotFoundException...
Generating docs for compound Padamose::VersionedSetSnapshot...
Generating docs for compound Padamose::VersionedSetState...
Generating docs for compound Padamose::VersionedStore...
Generating docs for compound Padamose::VersionedStoreIterator...
Generating docs for compound Padamose::VersionedStoreSnapshot...
Generating docs for compound Padamose::VersionedValue...
Generating docs for compound Padamose::VersionedValueIterator...
Generating docs for compound Padamose::VersionOutOfBoundsException...
Generating graph info page...
Generating directory documentation...
Generating dependency graph for directory /Users/travis/build/cryptogogue/padamose/src/padamose/gtest
Generating dependency graph for directory /Users/travis/build/cryptogogue/padamose/src/padamose
Generating index page...
Generating page index...
Generating module index...
Generating namespace index...
Generating namespace member index...
Generating annotated compound index...
Generating alphabetical compound index...
Generating hierarchical class index...
Generating graphical class hierarchy...
Generating member index...
Generating file index...
Generating file member index...
Generating example index...
finalizing index lists...
writing tag file...
Running dot...
Generating dot graphs using 3 parallel threads...
Running dot for graph 1/80
Running dot for graph 2/80
Running dot for graph 3/80
Running dot for graph 4/80
Running dot for graph 5/80
Running dot for graph 6/80
Running dot for graph 7/80
Running dot for graph 8/80
Running dot for graph 9/80
Running dot for graph 10/80
Running dot for graph 11/80
Running dot for graph 12/80
Running dot for graph 13/80
Running dot for graph 14/80
Running dot for graph 15/80
Running dot for graph 16/80
Running dot for graph 17/80
Running dot for graph 18/80
Running dot for graph 19/80
Running dot for graph 20/80
Running dot for graph 21/80
Running dot for graph 22/80
Running dot for graph 23/80
Running dot for graph 24/80
Running dot for graph 25/80
Running dot for graph 26/80
Running dot for graph 27/80
Running dot for graph 28/80
Running dot for graph 29/80
Running dot for graph 30/80
Running dot for graph 31/80
Running dot for graph 32/80
Running dot for graph 33/80
Running dot for graph 34/80
Running dot for graph 35/80
Running dot for graph 36/80
Running dot for graph 37/80
Running dot for graph 38/80
Running dot for graph 39/80
Running dot for graph 40/80
Running dot for graph 41/80
Running dot for graph 42/80
Running dot for graph 43/80
Running dot for graph 44/80
Running dot for graph 45/80
Running dot for graph 46/80
Running dot for graph 47/80
Running dot for graph 48/80
Running dot for graph 49/80
Running dot for graph 50/80
Running dot for graph 51/80
Running dot for graph 52/80
Running dot for graph 53/80
Running dot for graph 54/80
Running dot for graph 55/80
Running dot for graph 56/80
Running dot for graph 57/80
Running dot for graph 58/80
Running dot for graph 59/80
Running dot for graph 60/80
Running dot for graph 61/80
Running dot for graph 62/80
Running dot for graph 63/80
Running dot for graph 64/80
Running dot for graph 65/80
Running dot for graph 66/80
Running dot for graph 67/80
Running dot for graph 68/80
Running dot for graph 69/80
Running dot for graph 70/80
Running dot for graph 71/80
Running dot for graph 72/80
Running dot for graph 73/80
Running dot for graph 74/80
Running dot for graph 75/80
Running dot for graph 76/80
Running dot for graph 77/80
Running dot for graph 78/80
Running dot for graph 79/80
Running dot for graph 80/80
Patching output file 1/58
Patching output file 2/58
Patching output file 3/58
Patching output file 4/58
Patching output file 5/58
Patching output file 6/58
Patching output file 7/58
Patching output file 8/58
Patching output file 9/58
Patching output file 10/58
Patching output file 11/58
Patching output file 12/58
Patching output file 13/58
Patching output file 14/58
Patching output file 15/58
Patching output file 16/58
Patching output file 17/58
Patching output file 18/58
Patching output file 19/58
Patching output file 20/58
Patching output file 21/58
Patching output file 22/58
Patching output file 23/58
Patching output file 24/58
Patching output file 25/58
Patching output file 26/58
Patching output file 27/58
Patching output file 28/58
Patching output file 29/58
Patching output file 30/58
Patching output file 31/58
Patching output file 32/58
Patching output file 33/58
Patching output file 34/58
Patching output file 35/58
Patching output file 36/58
Patching output file 37/58
Patching output file 38/58
Patching output file 39/58
Patching output file 40/58
Patching output file 41/58
Patching output file 42/58
Patching output file 43/58
Patching output file 44/58
Patching output file 45/58
Patching output file 46/58
Patching output file 47/58
Patching output file 48/58
Patching output file 49/58
Patching output file 50/58
Patching output file 51/58
Patching output file 52/58
Patching output file 53/58
Patching output file 54/58
Patching output file 55/58
Patching output file 56/58
Patching output file 57/58
Patching output file 58/58
lookup cache used 729/65536 hits=3348 misses=752
finished...
